<?xml version="1.0" encoding="UTF-8"?>
<testng-results ignored="0" total="1" passed="1" failed="0" skipped="0">
  <reporter-output>
  </reporter-output>
  <suite started-at="2026-01-02T21:08:55 IST" name="Redbus Suite" finished-at="2026-01-02T21:09:27 IST" duration-ms="32385">
    <groups>
    </groups>
    <test started-at="2026-01-02T21:08:55 IST" name="Redbus Test" finished-at="2026-01-02T21:09:27 IST" duration-ms="32385">
      <class name="tests.RedBusTest">
        <test-method is-config="true" signature="setup()[pri:0, instance:tests.RedBusTest@351d00c0]" started-at="2026-01-02T21:08:55 IST" name="setup" finished-at="2026-01-02T21:08:57 IST" duration-ms="2748" status="PASS">
          <reporter-output>
          </reporter-output>
        </test-method> <!-- setup -->
        <test-method signature="redbusFlow()[pri:0, instance:tests.RedBusTest@351d00c0]" started-at="2026-01-02T21:08:57 IST" name="redbusFlow" finished-at="2026-01-02T21:09:25 IST" duration-ms="27910" status="PASS">
          <reporter-output>
          </reporter-output>
        </test-method> <!-- redbusFlow -->
        <test-method is-config="true" signature="teardown()[pri:0, instance:tests.RedBusTest@351d00c0]" started-at="2026-01-02T21:09:25 IST" name="teardown" finished-at="2026-01-02T21:09:27 IST" duration-ms="1629" status="PASS">
          <reporter-output>
          </reporter-output>
        </test-method> <!-- teardown -->
      </class> <!-- tests.RedBusTest -->
    </test> <!-- Redbus Test -->
  </suite> <!-- Redbus Suite -->
</testng-results>
